<?xml version="1.0" encoding="UTF-8" ?>
<testsuite failures="0" time="0.027" errors="0" skipped="0" tests="1" name="com.yaojinwei.study.dubbo.AppTest">
  <properties>
    <property name="java.runtime.name" value="Java(TM) SE Runtime Environment"/>
    <property name="sun.boot.library.path" value="D:\Program Files\Java\jdk1.7.0_79\jre\bin"/>
    <property name="java.vm.version" value="24.79-b02"/>
    <property name="java.vm.vendor" value="Oracle Corporation"/>
    <property name="java.vendor.url" value="http://java.oracle.com/"/>
    <property name="path.separator" value=";"/>
    <property name="java.vm.name" value="Java HotSpot(TM) 64-Bit Server VM"/>
    <property name="file.encoding.pkg" value="sun.io"/>
    <property name="user.script" value=""/>
    <property name="user.country" value="CN"/>
    <property name="sun.java.launcher" value="SUN_STANDARD"/>
    <property name="sun.os.patch.level" value="Service Pack 1"/>
    <property name="java.vm.specification.name" value="Java Virtual Machine Specification"/>
    <property name="user.dir" value="E:\workspace\dubbo-study-provider"/>
    <property name="java.runtime.version" value="1.7.0_79-b15"/>
    <property name="java.awt.graphicsenv" value="sun.awt.Win32GraphicsEnvironment"/>
    <property name="basedir" value="E:\workspace\dubbo-study-provider"/>
    <property name="java.endorsed.dirs" value="D:\Program Files\Java\jdk1.7.0_79\jre\lib\endorsed"/>
    <property name="os.arch" value="amd64"/>
    <property name="surefire.real.class.path" value="E:\workspace\dubbo-study-provider\target\surefire\surefirebooter2222348143818295930.jar"/>
    <property name="java.io.tmpdir" value="C:\Users\YAOJIN~1\AppData\Local\Temp\"/>
    <property name="line.separator" value="
"/>
    <property name="java.vm.specification.vendor" value="Oracle Corporation"/>
    <property name="user.variant" value=""/>
    <property name="os.name" value="Windows 7"/>
    <property name="sun.jnu.encoding" value="GBK"/>
    <property name="java.library.path" value="D:\Program Files\Java\jdk1.7.0_79\jre\bin;C:\Windows\Sun\Java\bin;C:\Windows\system32;C:\Windows;.;D:\Program Files\Git\usr\bin;D:\Program Files\Git\bin;E:\services\zookeeper\zookeeper-3.5.1-alpha\bin;E:\services\nginx\nginx-1.11.2;D:\Program Files\Redis;D:\Program Files\apache-maven-3.0.3\bin;D:\Program Files\Java\jdk1.7.0_79\bin;C:\Windows\system32;C:\Windows;C:\Windows\System32\Wbem;C:\Windows\System32\WindowsPowerShell\v1.0\;C:\Program Files\Intel\WiFi\bin\;C:\Program Files\Common Files\Intel\WirelessCommon\;C:\Program Files\TortoiseSVN\bin;D:\Program Files (x86)\Rational\common;C:\Program Files\TortoiseGit\bin;C:\Program Files\VanDyke Software\Clients\;C:\Program Files\Intel\WiFi\bin\;C:\Program Files\Common Files\Intel\WirelessCommon\;C:\Program Files (x86)\SSH Communications Security\SSH Secure Shell;."/>
    <property name="surefire.test.class.path" value="E:\workspace\dubbo-study-provider\target\test-classes;E:\workspace\dubbo-study-provider\target\classes;C:\Users\yaojinwei\.m2\repository\junit\junit\3.8.1\junit-3.8.1.jar;C:\Users\yaojinwei\.m2\repository\org\springframework\spring-context\4.1.1.RELEASE\spring-context-4.1.1.RELEASE.jar;C:\Users\yaojinwei\.m2\repository\org\springframework\spring-aop\4.1.1.RELEASE\spring-aop-4.1.1.RELEASE.jar;C:\Users\yaojinwei\.m2\repository\aopalliance\aopalliance\1.0\aopalliance-1.0.jar;C:\Users\yaojinwei\.m2\repository\org\springframework\spring-beans\4.1.1.RELEASE\spring-beans-4.1.1.RELEASE.jar;C:\Users\yaojinwei\.m2\repository\org\springframework\spring-core\4.1.1.RELEASE\spring-core-4.1.1.RELEASE.jar;C:\Users\yaojinwei\.m2\repository\commons-logging\commons-logging\1.1.3\commons-logging-1.1.3.jar;C:\Users\yaojinwei\.m2\repository\org\springframework\spring-expression\4.1.1.RELEASE\spring-expression-4.1.1.RELEASE.jar;C:\Users\yaojinwei\.m2\repository\org\slf4j\slf4j-api\1.7.5\slf4j-api-1.7.5.jar;C:\Users\yaojinwei\.m2\repository\org\slf4j\slf4j-log4j12\1.7.5\slf4j-log4j12-1.7.5.jar;C:\Users\yaojinwei\.m2\repository\log4j\log4j\1.2.17\log4j-1.2.17.jar;C:\Users\yaojinwei\.m2\repository\com\101tec\zkclient\0.7\zkclient-0.7.jar;C:\Users\yaojinwei\.m2\repository\org\apache\zookeeper\zookeeper\3.4.6\zookeeper-3.4.6.jar;C:\Users\yaojinwei\.m2\repository\jline\jline\0.9.94\jline-0.9.94.jar;C:\Users\yaojinwei\.m2\repository\com\esotericsoftware\kryo\kryo\2.24.0\kryo-2.24.0.jar;C:\Users\yaojinwei\.m2\repository\com\esotericsoftware\minlog\minlog\1.2\minlog-1.2.jar;C:\Users\yaojinwei\.m2\repository\org\objenesis\objenesis\2.1\objenesis-2.1.jar;C:\Users\yaojinwei\.m2\repository\de\javakaffee\kryo-serializers\0.26\kryo-serializers-0.26.jar;C:\Users\yaojinwei\.m2\repository\de\ruedigermoeller\fst\1.55\fst-1.55.jar;C:\Users\yaojinwei\.m2\repository\org\javassist\javassist\3.15.0-GA\javassist-3.15.0-GA.jar;C:\Users\yaojinwei\.m2\repository\io\netty\netty\3.7.0.Final\netty-3.7.0.Final.jar;C:\Users\yaojinwei\.m2\repository\com\alibaba\dubbo\2.8.4.2\dubbo-2.8.4.2.jar;C:\Users\yaojinwei\.m2\repository\com\yaojinwei\study\dubbo-study-interface\0.0.3-SNAPSHOT\dubbo-study-interface-0.0.3-SNAPSHOT.jar;"/>
    <property name="java.specification.name" value="Java Platform API Specification"/>
    <property name="java.class.version" value="51.0"/>
    <property name="sun.management.compiler" value="HotSpot 64-Bit Tiered Compilers"/>
    <property name="os.version" value="6.1"/>
    <property name="user.home" value="C:\Users\yaojinwei"/>
    <property name="user.timezone" value=""/>
    <property name="java.awt.printerjob" value="sun.awt.windows.WPrinterJob"/>
    <property name="java.specification.version" value="1.7"/>
    <property name="file.encoding" value="GBK"/>
    <property name="user.name" value="yaojinwei"/>
    <property name="java.class.path" value="E:\workspace\dubbo-study-provider\target\test-classes;E:\workspace\dubbo-study-provider\target\classes;C:\Users\yaojinwei\.m2\repository\junit\junit\3.8.1\junit-3.8.1.jar;C:\Users\yaojinwei\.m2\repository\org\springframework\spring-context\4.1.1.RELEASE\spring-context-4.1.1.RELEASE.jar;C:\Users\yaojinwei\.m2\repository\org\springframework\spring-aop\4.1.1.RELEASE\spring-aop-4.1.1.RELEASE.jar;C:\Users\yaojinwei\.m2\repository\aopalliance\aopalliance\1.0\aopalliance-1.0.jar;C:\Users\yaojinwei\.m2\repository\org\springframework\spring-beans\4.1.1.RELEASE\spring-beans-4.1.1.RELEASE.jar;C:\Users\yaojinwei\.m2\repository\org\springframework\spring-core\4.1.1.RELEASE\spring-core-4.1.1.RELEASE.jar;C:\Users\yaojinwei\.m2\repository\commons-logging\commons-logging\1.1.3\commons-logging-1.1.3.jar;C:\Users\yaojinwei\.m2\repository\org\springframework\spring-expression\4.1.1.RELEASE\spring-expression-4.1.1.RELEASE.jar;C:\Users\yaojinwei\.m2\repository\org\slf4j\slf4j-api\1.7.5\slf4j-api-1.7.5.jar;C:\Users\yaojinwei\.m2\repository\org\slf4j\slf4j-log4j12\1.7.5\slf4j-log4j12-1.7.5.jar;C:\Users\yaojinwei\.m2\repository\log4j\log4j\1.2.17\log4j-1.2.17.jar;C:\Users\yaojinwei\.m2\repository\com\101tec\zkclient\0.7\zkclient-0.7.jar;C:\Users\yaojinwei\.m2\repository\org\apache\zookeeper\zookeeper\3.4.6\zookeeper-3.4.6.jar;C:\Users\yaojinwei\.m2\repository\jline\jline\0.9.94\jline-0.9.94.jar;C:\Users\yaojinwei\.m2\repository\com\esotericsoftware\kryo\kryo\2.24.0\kryo-2.24.0.jar;C:\Users\yaojinwei\.m2\repository\com\esotericsoftware\minlog\minlog\1.2\minlog-1.2.jar;C:\Users\yaojinwei\.m2\repository\org\objenesis\objenesis\2.1\objenesis-2.1.jar;C:\Users\yaojinwei\.m2\repository\de\javakaffee\kryo-serializers\0.26\kryo-serializers-0.26.jar;C:\Users\yaojinwei\.m2\repository\de\ruedigermoeller\fst\1.55\fst-1.55.jar;C:\Users\yaojinwei\.m2\repository\org\javassist\javassist\3.15.0-GA\javassist-3.15.0-GA.jar;C:\Users\yaojinwei\.m2\repository\io\netty\netty\3.7.0.Final\netty-3.7.0.Final.jar;C:\Users\yaojinwei\.m2\repository\com\alibaba\dubbo\2.8.4.2\dubbo-2.8.4.2.jar;C:\Users\yaojinwei\.m2\repository\com\yaojinwei\study\dubbo-study-interface\0.0.3-SNAPSHOT\dubbo-study-interface-0.0.3-SNAPSHOT.jar;"/>
    <property name="java.vm.specification.version" value="1.7"/>
    <property name="sun.arch.data.model" value="64"/>
    <property name="java.home" value="D:\Program Files\Java\jdk1.7.0_79\jre"/>
    <property name="sun.java.command" value="E:\workspace\dubbo-study-provider\target\surefire\surefirebooter2222348143818295930.jar E:\workspace\dubbo-study-provider\target\surefire\surefire327318625960031033tmp E:\workspace\dubbo-study-provider\target\surefire\surefire7971214303527557745tmp"/>
    <property name="java.specification.vendor" value="Oracle Corporation"/>
    <property name="user.language" value="zh"/>
    <property name="awt.toolkit" value="sun.awt.windows.WToolkit"/>
    <property name="java.vm.info" value="mixed mode"/>
    <property name="java.version" value="1.7.0_79"/>
    <property name="java.ext.dirs" value="D:\Program Files\Java\jdk1.7.0_79\jre\lib\ext;C:\Windows\Sun\Java\lib\ext"/>
    <property name="sun.boot.class.path" value="D:\Program Files\Java\jdk1.7.0_79\jre\lib\resources.jar;D:\Program Files\Java\jdk1.7.0_79\jre\lib\rt.jar;D:\Program Files\Java\jdk1.7.0_79\jre\lib\sunrsasign.jar;D:\Program Files\Java\jdk1.7.0_79\jre\lib\jsse.jar;D:\Program Files\Java\jdk1.7.0_79\jre\lib\jce.jar;D:\Program Files\Java\jdk1.7.0_79\jre\lib\charsets.jar;D:\Program Files\Java\jdk1.7.0_79\jre\lib\jfr.jar;D:\Program Files\Java\jdk1.7.0_79\jre\classes"/>
    <property name="java.vendor" value="Oracle Corporation"/>
    <property name="localRepository" value="C:\Users\yaojinwei\.m2\repository"/>
    <property name="file.separator" value="\"/>
    <property name="java.vendor.url.bug" value="http://bugreport.sun.com/bugreport/"/>
    <property name="sun.cpu.endian" value="little"/>
    <property name="sun.io.unicode.encoding" value="UnicodeLittle"/>
    <property name="sun.desktop" value="windows"/>
    <property name="sun.cpu.isalist" value="amd64"/>
  </properties>
  <testcase time="0.001" classname="com.yaojinwei.study.dubbo.AppTest" name="testApp"/>
</testsuite>