<?xml version="1.0" encoding="UTF-8" ?>
<testsuite failures="0" time="1.329" errors="1" skipped="0" tests="1" name="com.yaojinwei.study.dubbo.UserInterfaceTest">
  <properties>
    <property name="java.runtime.name" value="Java(TM) SE Runtime Environment"/>
    <property name="sun.boot.library.path" value="D:\Program Files\Java\jdk1.7.0_79\jre\bin"/>
    <property name="java.vm.version" value="24.79-b02"/>
    <property name="java.vm.vendor" value="Oracle Corporation"/>
    <property name="java.vendor.url" value="http://java.oracle.com/"/>
    <property name="path.separator" value=";"/>
    <property name="java.vm.name" value="Java HotSpot(TM) 64-Bit Server VM"/>
    <property name="file.encoding.pkg" value="sun.io"/>
    <property name="user.script" value=""/>
    <property name="user.country" value="CN"/>
    <property name="sun.java.launcher" value="SUN_STANDARD"/>
    <property name="sun.os.patch.level" value="Service Pack 1"/>
    <property name="java.vm.specification.name" value="Java Virtual Machine Specification"/>
    <property name="user.dir" value="E:\workspace\dubbo-study-consumer"/>
    <property name="java.runtime.version" value="1.7.0_79-b15"/>
    <property name="java.awt.graphicsenv" value="sun.awt.Win32GraphicsEnvironment"/>
    <property name="basedir" value="E:\workspace\dubbo-study-consumer"/>
    <property name="java.endorsed.dirs" value="D:\Program Files\Java\jdk1.7.0_79\jre\lib\endorsed"/>
    <property name="os.arch" value="amd64"/>
    <property name="surefire.real.class.path" value="E:\workspace\dubbo-study-consumer\target\surefire\surefirebooter2793456176215061421.jar"/>
    <property name="java.io.tmpdir" value="C:\Users\YAOJIN~1\AppData\Local\Temp\"/>
    <property name="line.separator" value="
"/>
    <property name="java.vm.specification.vendor" value="Oracle Corporation"/>
    <property name="user.variant" value=""/>
    <property name="os.name" value="Windows 7"/>
    <property name="sun.jnu.encoding" value="GBK"/>
    <property name="java.library.path" value="D:\Program Files\Java\jdk1.7.0_79\jre\bin;C:\Windows\Sun\Java\bin;C:\Windows\system32;C:\Windows;.;D:\Program Files\Git\usr\bin;D:\Program Files\Git\bin;E:\services\zookeeper\zookeeper-3.5.1-alpha\bin;E:\services\nginx\nginx-1.11.2;D:\Program Files\Redis;D:\Program Files\apache-maven-3.0.3\bin;D:\Program Files\Java\jdk1.7.0_79\bin;C:\Windows\system32;C:\Windows;C:\Windows\System32\Wbem;C:\Windows\System32\WindowsPowerShell\v1.0\;C:\Program Files\Intel\WiFi\bin\;C:\Program Files\Common Files\Intel\WirelessCommon\;C:\Program Files\TortoiseSVN\bin;D:\Program Files (x86)\Rational\common;C:\Program Files\TortoiseGit\bin;C:\Program Files\VanDyke Software\Clients\;C:\Program Files\Intel\WiFi\bin\;C:\Program Files\Common Files\Intel\WirelessCommon\;C:\Program Files (x86)\SSH Communications Security\SSH Secure Shell;."/>
    <property name="surefire.test.class.path" value="E:\workspace\dubbo-study-consumer\target\test-classes;E:\workspace\dubbo-study-consumer\target\classes;C:\Users\yaojinwei\.m2\repository\com\101tec\zkclient\0.7\zkclient-0.7.jar;C:\Users\yaojinwei\.m2\repository\log4j\log4j\1.2.15\log4j-1.2.15.jar;C:\Users\yaojinwei\.m2\repository\javax\mail\mail\1.4\mail-1.4.jar;C:\Users\yaojinwei\.m2\repository\javax\activation\activation\1.1\activation-1.1.jar;C:\Users\yaojinwei\.m2\repository\org\apache\zookeeper\zookeeper\3.4.6\zookeeper-3.4.6.jar;C:\Users\yaojinwei\.m2\repository\jline\jline\0.9.94\jline-0.9.94.jar;C:\Users\yaojinwei\.m2\repository\com\esotericsoftware\kryo\kryo\2.24.0\kryo-2.24.0.jar;C:\Users\yaojinwei\.m2\repository\com\esotericsoftware\minlog\minlog\1.2\minlog-1.2.jar;C:\Users\yaojinwei\.m2\repository\org\objenesis\objenesis\2.1\objenesis-2.1.jar;C:\Users\yaojinwei\.m2\repository\de\javakaffee\kryo-serializers\0.26\kryo-serializers-0.26.jar;C:\Users\yaojinwei\.m2\repository\de\ruedigermoeller\fst\1.55\fst-1.55.jar;C:\Users\yaojinwei\.m2\repository\org\javassist\javassist\3.15.0-GA\javassist-3.15.0-GA.jar;C:\Users\yaojinwei\.m2\repository\io\netty\netty\3.7.0.Final\netty-3.7.0.Final.jar;C:\Users\yaojinwei\.m2\repository\org\aspectj\aspectjweaver\1.7.2\aspectjweaver-1.7.2.jar;C:\Users\yaojinwei\.m2\repository\com\yaojinwei\study\dubbo-study-interface\0.0.3-SNAPSHOT\dubbo-study-interface-0.0.3-SNAPSHOT.jar;C:\Users\yaojinwei\.m2\repository\org\springframework\spring-context\4.1.1.RELEASE\spring-context-4.1.1.RELEASE.jar;C:\Users\yaojinwei\.m2\repository\org\springframework\spring-aop\4.1.1.RELEASE\spring-aop-4.1.1.RELEASE.jar;C:\Users\yaojinwei\.m2\repository\aopalliance\aopalliance\1.0\aopalliance-1.0.jar;C:\Users\yaojinwei\.m2\repository\org\springframework\spring-beans\4.1.1.RELEASE\spring-beans-4.1.1.RELEASE.jar;C:\Users\yaojinwei\.m2\repository\org\springframework\spring-expression\4.1.1.RELEASE\spring-expression-4.1.1.RELEASE.jar;C:\Users\yaojinwei\.m2\repository\org\slf4j\slf4j-api\1.7.5\slf4j-api-1.7.5.jar;C:\Users\yaojinwei\.m2\repository\org\slf4j\slf4j-log4j12\1.7.5\slf4j-log4j12-1.7.5.jar;C:\Users\yaojinwei\.m2\repository\org\springframework\spring-test\4.1.6.RELEASE\spring-test-4.1.6.RELEASE.jar;C:\Users\yaojinwei\.m2\repository\org\springframework\spring-core\4.1.6.RELEASE\spring-core-4.1.6.RELEASE.jar;C:\Users\yaojinwei\.m2\repository\commons-logging\commons-logging\1.2\commons-logging-1.2.jar;C:\Users\yaojinwei\.m2\repository\junit\junit\4.12\junit-4.12.jar;C:\Users\yaojinwei\.m2\repository\org\hamcrest\hamcrest-core\1.3\hamcrest-core-1.3.jar;C:\Users\yaojinwei\.m2\repository\com\le\jr\trade-usercenter-interfaces\0.0.2-SNAPSHOT\trade-usercenter-interfaces-0.0.2-SNAPSHOT.jar;C:\Users\yaojinwei\.m2\repository\com\le\jr\trade-public-common\0.0.1-SNAPSHOT\trade-public-common-0.0.1-SNAPSHOT.jar;C:\Users\yaojinwei\.m2\repository\com\google\code\gson\gson\2.2.2\gson-2.2.2.jar;C:\Users\yaojinwei\.m2\repository\cglib\cglib-nodep\2.1_3\cglib-nodep-2.1_3.jar;C:\Users\yaojinwei\.m2\repository\org\codehaus\jackson\jackson-core-asl\1.9.2\jackson-core-asl-1.9.2.jar;C:\Users\yaojinwei\.m2\repository\org\codehaus\jackson\jackson-mapper-asl\1.9.2\jackson-mapper-asl-1.9.2.jar;C:\Users\yaojinwei\.m2\repository\org\codehaus\jackson\jackson-jaxrs\1.9.2\jackson-jaxrs-1.9.2.jar;C:\Users\yaojinwei\.m2\repository\commons-codec\commons-codec\1.6\commons-codec-1.6.jar;C:\Users\yaojinwei\.m2\repository\commons-httpclient\commons-httpclient\3.1\commons-httpclient-3.1.jar;C:\Users\yaojinwei\.m2\repository\commons-lang\commons-lang\2.6\commons-lang-2.6.jar;C:\Users\yaojinwei\.m2\repository\com\alibaba\fastjson\1.2.4\fastjson-1.2.4.jar;C:\Users\yaojinwei\.m2\repository\com\le\diamond\diamond-client\1.0.0-SNAPSHOT\diamond-client-1.0.0-SNAPSHOT.jar;C:\Users\yaojinwei\.m2\repository\com\le\diamond\diamond-utils\1.0.0-SNAPSHOT\diamond-utils-1.0.0-SNAPSHOT.jar;C:\Users\yaojinwei\.m2\repository\org\codehaus\jackson\jackson-mapper-lgpl\1.9.6\jackson-mapper-lgpl-1.9.6.jar;C:\Users\yaojinwei\.m2\repository\org\codehaus\jackson\jackson-core-lgpl\1.9.6\jackson-core-lgpl-1.9.6.jar;C:\Users\yaojinwei\.m2\repository\com\le\jr\solr-client\0.0.2-SNAPSHOT\solr-client-0.0.2-SNAPSHOT.jar;C:\Users\yaojinwei\.m2\repository\org\apache\solr\solr-solrj\4.2.1\solr-solrj-4.2.1.jar;C:\Users\yaojinwei\.m2\repository\commons-io\commons-io\2.1\commons-io-2.1.jar;C:\Users\yaojinwei\.m2\repository\org\apache\httpcomponents\httpclient\4.2.3\httpclient-4.2.3.jar;C:\Users\yaojinwei\.m2\repository\org\apache\httpcomponents\httpcore\4.2.2\httpcore-4.2.2.jar;C:\Users\yaojinwei\.m2\repository\org\apache\httpcomponents\httpmime\4.2.3\httpmime-4.2.3.jar;C:\Users\yaojinwei\.m2\repository\org\codehaus\woodstox\wstx-asl\3.2.7\wstx-asl-3.2.7.jar;C:\Users\yaojinwei\.m2\repository\com\google\guava\guava\18.0\guava-18.0.jar;C:\Users\yaojinwei\.m2\repository\org\springframework\spring-web\4.1.1.RELEASE\spring-web-4.1.1.RELEASE.jar;C:\Users\yaojinwei\.m2\repository\org\apache\poi\poi\3.11\poi-3.11.jar;C:\Users\yaojinwei\.m2\repository\org\apache\poi\poi-ooxml\3.11\poi-ooxml-3.11.jar;C:\Users\yaojinwei\.m2\repository\org\apache\poi\poi-ooxml-schemas\3.11\poi-ooxml-schemas-3.11.jar;C:\Users\yaojinwei\.m2\repository\org\apache\xmlbeans\xmlbeans\2.6.0\xmlbeans-2.6.0.jar;C:\Users\yaojinwei\.m2\repository\stax\stax-api\1.0.1\stax-api-1.0.1.jar;"/>
    <property name="java.specification.name" value="Java Platform API Specification"/>
    <property name="java.class.version" value="51.0"/>
    <property name="sun.management.compiler" value="HotSpot 64-Bit Tiered Compilers"/>
    <property name="os.version" value="6.1"/>
    <property name="user.home" value="C:\Users\yaojinwei"/>
    <property name="user.timezone" value="Asia/Shanghai"/>
    <property name="java.awt.printerjob" value="sun.awt.windows.WPrinterJob"/>
    <property name="java.specification.version" value="1.7"/>
    <property name="file.encoding" value="GBK"/>
    <property name="user.name" value="yaojinwei"/>
    <property name="java.class.path" value="E:\workspace\dubbo-study-consumer\target\test-classes;E:\workspace\dubbo-study-consumer\target\classes;C:\Users\yaojinwei\.m2\repository\com\101tec\zkclient\0.7\zkclient-0.7.jar;C:\Users\yaojinwei\.m2\repository\log4j\log4j\1.2.15\log4j-1.2.15.jar;C:\Users\yaojinwei\.m2\repository\javax\mail\mail\1.4\mail-1.4.jar;C:\Users\yaojinwei\.m2\repository\javax\activation\activation\1.1\activation-1.1.jar;C:\Users\yaojinwei\.m2\repository\org\apache\zookeeper\zookeeper\3.4.6\zookeeper-3.4.6.jar;C:\Users\yaojinwei\.m2\repository\jline\jline\0.9.94\jline-0.9.94.jar;C:\Users\yaojinwei\.m2\repository\com\esotericsoftware\kryo\kryo\2.24.0\kryo-2.24.0.jar;C:\Users\yaojinwei\.m2\repository\com\esotericsoftware\minlog\minlog\1.2\minlog-1.2.jar;C:\Users\yaojinwei\.m2\repository\org\objenesis\objenesis\2.1\objenesis-2.1.jar;C:\Users\yaojinwei\.m2\repository\de\javakaffee\kryo-serializers\0.26\kryo-serializers-0.26.jar;C:\Users\yaojinwei\.m2\repository\de\ruedigermoeller\fst\1.55\fst-1.55.jar;C:\Users\yaojinwei\.m2\repository\org\javassist\javassist\3.15.0-GA\javassist-3.15.0-GA.jar;C:\Users\yaojinwei\.m2\repository\io\netty\netty\3.7.0.Final\netty-3.7.0.Final.jar;C:\Users\yaojinwei\.m2\repository\org\aspectj\aspectjweaver\1.7.2\aspectjweaver-1.7.2.jar;C:\Users\yaojinwei\.m2\repository\com\yaojinwei\study\dubbo-study-interface\0.0.3-SNAPSHOT\dubbo-study-interface-0.0.3-SNAPSHOT.jar;C:\Users\yaojinwei\.m2\repository\org\springframework\spring-context\4.1.1.RELEASE\spring-context-4.1.1.RELEASE.jar;C:\Users\yaojinwei\.m2\repository\org\springframework\spring-aop\4.1.1.RELEASE\spring-aop-4.1.1.RELEASE.jar;C:\Users\yaojinwei\.m2\repository\aopalliance\aopalliance\1.0\aopalliance-1.0.jar;C:\Users\yaojinwei\.m2\repository\org\springframework\spring-beans\4.1.1.RELEASE\spring-beans-4.1.1.RELEASE.jar;C:\Users\yaojinwei\.m2\repository\org\springframework\spring-expression\4.1.1.RELEASE\spring-expression-4.1.1.RELEASE.jar;C:\Users\yaojinwei\.m2\repository\org\slf4j\slf4j-api\1.7.5\slf4j-api-1.7.5.jar;C:\Users\yaojinwei\.m2\repository\org\slf4j\slf4j-log4j12\1.7.5\slf4j-log4j12-1.7.5.jar;C:\Users\yaojinwei\.m2\repository\org\springframework\spring-test\4.1.6.RELEASE\spring-test-4.1.6.RELEASE.jar;C:\Users\yaojinwei\.m2\repository\org\springframework\spring-core\4.1.6.RELEASE\spring-core-4.1.6.RELEASE.jar;C:\Users\yaojinwei\.m2\repository\commons-logging\commons-logging\1.2\commons-logging-1.2.jar;C:\Users\yaojinwei\.m2\repository\junit\junit\4.12\junit-4.12.jar;C:\Users\yaojinwei\.m2\repository\org\hamcrest\hamcrest-core\1.3\hamcrest-core-1.3.jar;C:\Users\yaojinwei\.m2\repository\com\le\jr\trade-usercenter-interfaces\0.0.2-SNAPSHOT\trade-usercenter-interfaces-0.0.2-SNAPSHOT.jar;C:\Users\yaojinwei\.m2\repository\com\le\jr\trade-public-common\0.0.1-SNAPSHOT\trade-public-common-0.0.1-SNAPSHOT.jar;C:\Users\yaojinwei\.m2\repository\com\google\code\gson\gson\2.2.2\gson-2.2.2.jar;C:\Users\yaojinwei\.m2\repository\cglib\cglib-nodep\2.1_3\cglib-nodep-2.1_3.jar;C:\Users\yaojinwei\.m2\repository\org\codehaus\jackson\jackson-core-asl\1.9.2\jackson-core-asl-1.9.2.jar;C:\Users\yaojinwei\.m2\repository\org\codehaus\jackson\jackson-mapper-asl\1.9.2\jackson-mapper-asl-1.9.2.jar;C:\Users\yaojinwei\.m2\repository\org\codehaus\jackson\jackson-jaxrs\1.9.2\jackson-jaxrs-1.9.2.jar;C:\Users\yaojinwei\.m2\repository\commons-codec\commons-codec\1.6\commons-codec-1.6.jar;C:\Users\yaojinwei\.m2\repository\commons-httpclient\commons-httpclient\3.1\commons-httpclient-3.1.jar;C:\Users\yaojinwei\.m2\repository\commons-lang\commons-lang\2.6\commons-lang-2.6.jar;C:\Users\yaojinwei\.m2\repository\com\alibaba\fastjson\1.2.4\fastjson-1.2.4.jar;C:\Users\yaojinwei\.m2\repository\com\le\diamond\diamond-client\1.0.0-SNAPSHOT\diamond-client-1.0.0-SNAPSHOT.jar;C:\Users\yaojinwei\.m2\repository\com\le\diamond\diamond-utils\1.0.0-SNAPSHOT\diamond-utils-1.0.0-SNAPSHOT.jar;C:\Users\yaojinwei\.m2\repository\org\codehaus\jackson\jackson-mapper-lgpl\1.9.6\jackson-mapper-lgpl-1.9.6.jar;C:\Users\yaojinwei\.m2\repository\org\codehaus\jackson\jackson-core-lgpl\1.9.6\jackson-core-lgpl-1.9.6.jar;C:\Users\yaojinwei\.m2\repository\com\le\jr\solr-client\0.0.2-SNAPSHOT\solr-client-0.0.2-SNAPSHOT.jar;C:\Users\yaojinwei\.m2\repository\org\apache\solr\solr-solrj\4.2.1\solr-solrj-4.2.1.jar;C:\Users\yaojinwei\.m2\repository\commons-io\commons-io\2.1\commons-io-2.1.jar;C:\Users\yaojinwei\.m2\repository\org\apache\httpcomponents\httpclient\4.2.3\httpclient-4.2.3.jar;C:\Users\yaojinwei\.m2\repository\org\apache\httpcomponents\httpcore\4.2.2\httpcore-4.2.2.jar;C:\Users\yaojinwei\.m2\repository\org\apache\httpcomponents\httpmime\4.2.3\httpmime-4.2.3.jar;C:\Users\yaojinwei\.m2\repository\org\codehaus\woodstox\wstx-asl\3.2.7\wstx-asl-3.2.7.jar;C:\Users\yaojinwei\.m2\repository\com\google\guava\guava\18.0\guava-18.0.jar;C:\Users\yaojinwei\.m2\repository\org\springframework\spring-web\4.1.1.RELEASE\spring-web-4.1.1.RELEASE.jar;C:\Users\yaojinwei\.m2\repository\org\apache\poi\poi\3.11\poi-3.11.jar;C:\Users\yaojinwei\.m2\repository\org\apache\poi\poi-ooxml\3.11\poi-ooxml-3.11.jar;C:\Users\yaojinwei\.m2\repository\org\apache\poi\poi-ooxml-schemas\3.11\poi-ooxml-schemas-3.11.jar;C:\Users\yaojinwei\.m2\repository\org\apache\xmlbeans\xmlbeans\2.6.0\xmlbeans-2.6.0.jar;C:\Users\yaojinwei\.m2\repository\stax\stax-api\1.0.1\stax-api-1.0.1.jar;"/>
    <property name="java.vm.specification.version" value="1.7"/>
    <property name="sun.arch.data.model" value="64"/>
    <property name="java.home" value="D:\Program Files\Java\jdk1.7.0_79\jre"/>
    <property name="sun.java.command" value="E:\workspace\dubbo-study-consumer\target\surefire\surefirebooter2793456176215061421.jar E:\workspace\dubbo-study-consumer\target\surefire\surefire8893858304888948674tmp E:\workspace\dubbo-study-consumer\target\surefire\surefire2735268841370015937tmp"/>
    <property name="java.specification.vendor" value="Oracle Corporation"/>
    <property name="user.language" value="zh"/>
    <property name="awt.toolkit" value="sun.awt.windows.WToolkit"/>
    <property name="java.vm.info" value="mixed mode"/>
    <property name="java.version" value="1.7.0_79"/>
    <property name="java.ext.dirs" value="D:\Program Files\Java\jdk1.7.0_79\jre\lib\ext;C:\Windows\Sun\Java\lib\ext"/>
    <property name="sun.boot.class.path" value="D:\Program Files\Java\jdk1.7.0_79\jre\lib\resources.jar;D:\Program Files\Java\jdk1.7.0_79\jre\lib\rt.jar;D:\Program Files\Java\jdk1.7.0_79\jre\lib\sunrsasign.jar;D:\Program Files\Java\jdk1.7.0_79\jre\lib\jsse.jar;D:\Program Files\Java\jdk1.7.0_79\jre\lib\jce.jar;D:\Program Files\Java\jdk1.7.0_79\jre\lib\charsets.jar;D:\Program Files\Java\jdk1.7.0_79\jre\lib\jfr.jar;D:\Program Files\Java\jdk1.7.0_79\jre\classes"/>
    <property name="java.vendor" value="Oracle Corporation"/>
    <property name="localRepository" value="C:\Users\yaojinwei\.m2\repository"/>
    <property name="file.separator" value="\"/>
    <property name="java.vendor.url.bug" value="http://bugreport.sun.com/bugreport/"/>
    <property name="sun.cpu.endian" value="little"/>
    <property name="sun.io.unicode.encoding" value="UnicodeLittle"/>
    <property name="sun.desktop" value="windows"/>
    <property name="sun.cpu.isalist" value="amd64"/>
  </properties>
  <testcase time="0.001" classname="com.yaojinwei.study.dubbo.UserInterfaceTest" name="test">
    <error message="Failed to load ApplicationContext" type="java.lang.IllegalStateException">java.lang.IllegalStateException: Failed to load ApplicationContext
	at org.springframework.test.context.DefaultCacheAwareContextLoaderDelegate.loadContext(DefaultCacheAwareContextLoaderDelegate.java:94)
	at org.springframework.test.context.DefaultTestContext.getApplicationContext(DefaultTestContext.java:72)
	at org.springframework.test.context.support.DependencyInjectionTestExecutionListener.injectDependencies(DependencyInjectionTestExecutionListener.java:117)
	at org.springframework.test.context.support.DependencyInjectionTestExecutionListener.prepareTestInstance(DependencyInjectionTestExecutionListener.java:83)
	at org.springframework.test.context.TestContextManager.prepareTestInstance(TestContextManager.java:212)
	at org.springframework.test.context.junit4.SpringJUnit4ClassRunner.createTest(SpringJUnit4ClassRunner.java:200)
	at org.springframework.test.context.junit4.SpringJUnit4ClassRunner$1.runReflectiveCall(SpringJUnit4ClassRunner.java:259)
	at org.junit.internal.runners.model.ReflectiveCallable.run(ReflectiveCallable.java:12)
	at org.springframework.test.context.junit4.SpringJUnit4ClassRunner.methodBlock(SpringJUnit4ClassRunner.java:261)
	at org.springframework.test.context.junit4.SpringJUnit4ClassRunner.runChild(SpringJUnit4ClassRunner.java:219)
	at org.springframework.test.context.junit4.SpringJUnit4ClassRunner.runChild(SpringJUnit4ClassRunner.java:83)
	at org.junit.runners.ParentRunner$3.run(ParentRunner.java:290)
	at org.junit.runners.ParentRunner$1.schedule(ParentRunner.java:71)
	at org.junit.runners.ParentRunner.runChildren(ParentRunner.java:288)
	at org.junit.runners.ParentRunner.access$000(ParentRunner.java:58)
	at org.junit.runners.ParentRunner$2.evaluate(ParentRunner.java:268)
	at org.springframework.test.context.junit4.statements.RunBeforeTestClassCallbacks.evaluate(RunBeforeTestClassCallbacks.java:61)
	at org.springframework.test.context.junit4.statements.RunAfterTestClassCallbacks.evaluate(RunAfterTestClassCallbacks.java:68)
	at org.junit.runners.ParentRunner.run(ParentRunner.java:363)
	at org.springframework.test.context.junit4.SpringJUnit4ClassRunner.run(SpringJUnit4ClassRunner.java:163)
	at org.apache.maven.surefire.junit4.JUnit4TestSet.execute(JUnit4TestSet.java:35)
	at org.apache.maven.surefire.junit4.JUnit4Provider.executeTestSet(JUnit4Provider.java:115)
	at org.apache.maven.surefire.junit4.JUnit4Provider.invoke(JUnit4Provider.java:97)
	at sun.reflect.NativeMethodAccessorImpl.invoke0(Native Method)
	at sun.reflect.NativeMethodAccessorImpl.invoke(NativeMethodAccessorImpl.java:57)
	at sun.reflect.DelegatingMethodAccessorImpl.invoke(DelegatingMethodAccessorImpl.java:43)
	at java.lang.reflect.Method.invoke(Method.java:606)
	at org.apache.maven.surefire.booter.ProviderFactory$ClassLoaderProxy.invoke(ProviderFactory.java:103)
	at com.sun.proxy.$Proxy0.invoke(Unknown Source)
	at org.apache.maven.surefire.booter.SurefireStarter.invokeProvider(SurefireStarter.java:150)
	at org.apache.maven.surefire.booter.SurefireStarter.runSuitesInProcess(SurefireStarter.java:91)
	at org.apache.maven.surefire.booter.ForkedBooter.main(ForkedBooter.java:69)
Caused by: org.springframework.beans.factory.parsing.BeanDefinitionParsingException: Configuration problem: Failed to import bean definitions from relative location [spring-dubbo-consumer.xml]
Offending resource: URL [file:/E:/workspace/dubbo-study-consumer/target/classes/root-context.xml]; nested exception is org.springframework.beans.factory.xml.XmlBeanDefinitionStoreException: Line 12 in XML document from URL [file:/E:/workspace/dubbo-study-consumer/target/classes/spring-dubbo-consumer.xml] is invalid; nested exception is org.xml.sax.SAXParseException; lineNumber: 12; columnNumber: 86; cvc-complex-type.2.4.c: 通配符的匹配很全面, 但无法找到元素 &apos;dubbo:application&apos; 的声明。
	at org.springframework.beans.factory.parsing.FailFastProblemReporter.error(FailFastProblemReporter.java:70)
	at org.springframework.beans.factory.parsing.ReaderContext.error(ReaderContext.java:85)
	at org.springframework.beans.factory.parsing.ReaderContext.error(ReaderContext.java:76)
	at org.springframework.beans.factory.xml.DefaultBeanDefinitionDocumentReader.importBeanDefinitionResource(DefaultBeanDefinitionDocumentReader.java:261)
	at org.springframework.beans.factory.xml.DefaultBeanDefinitionDocumentReader.parseDefaultElement(DefaultBeanDefinitionDocumentReader.java:186)
	at org.springframework.beans.factory.xml.DefaultBeanDefinitionDocumentReader.parseBeanDefinitions(DefaultBeanDefinitionDocumentReader.java:171)
	at org.springframework.beans.factory.xml.DefaultBeanDefinitionDocumentReader.doRegisterBeanDefinitions(DefaultBeanDefinitionDocumentReader.java:144)
	at org.springframework.beans.factory.xml.DefaultBeanDefinitionDocumentReader.registerBeanDefinitions(DefaultBeanDefinitionDocumentReader.java:100)
	at org.springframework.beans.factory.xml.XmlBeanDefinitionReader.registerBeanDefinitions(XmlBeanDefinitionReader.java:510)
	at org.springframework.beans.factory.xml.XmlBeanDefinitionReader.doLoadBeanDefinitions(XmlBeanDefinitionReader.java:392)
	at org.springframework.beans.factory.xml.XmlBeanDefinitionReader.loadBeanDefinitions(XmlBeanDefinitionReader.java:336)
	at org.springframework.beans.factory.xml.XmlBeanDefinitionReader.loadBeanDefinitions(XmlBeanDefinitionReader.java:304)
	at org.springframework.beans.factory.support.AbstractBeanDefinitionReader.loadBeanDefinitions(AbstractBeanDefinitionReader.java:180)
	at org.springframework.beans.factory.support.AbstractBeanDefinitionReader.loadBeanDefinitions(AbstractBeanDefinitionReader.java:216)
	at org.springframework.beans.factory.support.AbstractBeanDefinitionReader.loadBeanDefinitions(AbstractBeanDefinitionReader.java:187)
	at org.springframework.beans.factory.support.AbstractBeanDefinitionReader.loadBeanDefinitions(AbstractBeanDefinitionReader.java:251)
	at org.springframework.test.context.support.AbstractGenericContextLoader.loadBeanDefinitions(AbstractGenericContextLoader.java:253)
	at org.springframework.test.context.support.AbstractGenericContextLoader.loadContext(AbstractGenericContextLoader.java:122)
	at org.springframework.test.context.support.AbstractGenericContextLoader.loadContext(AbstractGenericContextLoader.java:60)
	at org.springframework.test.context.support.AbstractDelegatingSmartContextLoader.delegateLoading(AbstractDelegatingSmartContextLoader.java:109)
	at org.springframework.test.context.support.AbstractDelegatingSmartContextLoader.loadContext(AbstractDelegatingSmartContextLoader.java:261)
	at org.springframework.test.context.DefaultCacheAwareContextLoaderDelegate.loadContextInternal(DefaultCacheAwareContextLoaderDelegate.java:68)
	at org.springframework.test.context.DefaultCacheAwareContextLoaderDelegate.loadContext(DefaultCacheAwareContextLoaderDelegate.java:86)
	... 31 more
Caused by: org.springframework.beans.factory.xml.XmlBeanDefinitionStoreException: Line 12 in XML document from URL [file:/E:/workspace/dubbo-study-consumer/target/classes/spring-dubbo-consumer.xml] is invalid; nested exception is org.xml.sax.SAXParseException; lineNumber: 12; columnNumber: 86; cvc-complex-type.2.4.c: 通配符的匹配很全面, 但无法找到元素 &apos;dubbo:application&apos; 的声明。
	at org.springframework.beans.factory.xml.XmlBeanDefinitionReader.doLoadBeanDefinitions(XmlBeanDefinitionReader.java:399)
	at org.springframework.beans.factory.xml.XmlBeanDefinitionReader.loadBeanDefinitions(XmlBeanDefinitionReader.java:336)
	at org.springframework.beans.factory.xml.XmlBeanDefinitionReader.loadBeanDefinitions(XmlBeanDefinitionReader.java:304)
	at org.springframework.beans.factory.xml.DefaultBeanDefinitionDocumentReader.importBeanDefinitionResource(DefaultBeanDefinitionDocumentReader.java:245)
	... 50 more
Caused by: org.xml.sax.SAXParseException; lineNumber: 12; columnNumber: 86; cvc-complex-type.2.4.c: 通配符的匹配很全面, 但无法找到元素 &apos;dubbo:application&apos; 的声明。
	at com.sun.org.apache.xerces.internal.util.ErrorHandlerWrapper.createSAXParseException(ErrorHandlerWrapper.java:198)
	at com.sun.org.apache.xerces.internal.util.ErrorHandlerWrapper.error(ErrorHandlerWrapper.java:134)
	at com.sun.org.apache.xerces.internal.impl.XMLErrorReporter.reportError(XMLErrorReporter.java:437)
	at com.sun.org.apache.xerces.internal.impl.XMLErrorReporter.reportError(XMLErrorReporter.java:368)
	at com.sun.org.apache.xerces.internal.impl.XMLErrorReporter.reportError(XMLErrorReporter.java:325)
	at com.sun.org.apache.xerces.internal.impl.xs.XMLSchemaValidator$XSIErrorReporter.reportError(XMLSchemaValidator.java:458)
	at com.sun.org.apache.xerces.internal.impl.xs.XMLSchemaValidator.reportSchemaError(XMLSchemaValidator.java:3237)
	at com.sun.org.apache.xerces.internal.impl.xs.XMLSchemaValidator.handleStartElement(XMLSchemaValidator.java:1917)
	at com.sun.org.apache.xerces.internal.impl.xs.XMLSchemaValidator.emptyElement(XMLSchemaValidator.java:766)
	at com.sun.org.apache.xerces.internal.impl.XMLNSDocumentScannerImpl.scanStartElement(XMLNSDocumentScannerImpl.java:356)
	at com.sun.org.apache.xerces.internal.impl.XMLDocumentFragmentScannerImpl$FragmentContentDriver.next(XMLDocumentFragmentScannerImpl.java:2786)
	at com.sun.org.apache.xerces.internal.impl.XMLDocumentScannerImpl.next(XMLDocumentScannerImpl.java:606)
	at com.sun.org.apache.xerces.internal.impl.XMLNSDocumentScannerImpl.next(XMLNSDocumentScannerImpl.java:117)
	at com.sun.org.apache.xerces.internal.impl.XMLDocumentFragmentScannerImpl.scanDocument(XMLDocumentFragmentScannerImpl.java:510)
	at com.sun.org.apache.xerces.internal.parsers.XML11Configuration.parse(XML11Configuration.java:848)
	at com.sun.org.apache.xerces.internal.parsers.XML11Configuration.parse(XML11Configuration.java:777)
	at com.sun.org.apache.xerces.internal.parsers.XMLParser.parse(XMLParser.java:141)
	at com.sun.org.apache.xerces.internal.parsers.DOMParser.parse(DOMParser.java:243)
	at com.sun.org.apache.xerces.internal.jaxp.DocumentBuilderImpl.parse(DocumentBuilderImpl.java:347)
	at org.springframework.beans.factory.xml.DefaultDocumentLoader.loadDocument(DefaultDocumentLoader.java:76)
	at org.springframework.beans.factory.xml.XmlBeanDefinitionReader.doLoadDocument(XmlBeanDefinitionReader.java:429)
	at org.springframework.beans.factory.xml.XmlBeanDefinitionReader.doLoadBeanDefinitions(XmlBeanDefinitionReader.java:391)
	... 53 more
</error>
    <system-out>[DEBUG] [2016-09-01 17:36:38 805] [main] (DirtiesContextTestExecutionListener.java:118) After test class: context [DefaultTestContext@10e73e0 testClass = BaseTest, testInstance = [null], testMethod = [null], testException = [null], mergedContextConfiguration = [MergedContextConfiguration@223f6902 testClass = BaseTest, locations = &apos;{classpath*:root-context.xml}&apos;, classes = &apos;{}&apos;, contextInitializerClasses = &apos;[]&apos;, activeProfiles = &apos;{}&apos;, propertySourceLocations = &apos;{}&apos;, propertySourceProperties = &apos;{}&apos;, contextLoader = &apos;org.springframework.test.context.support.DelegatingSmartContextLoader&apos;, parent = [null]]], dirtiesContext [false].
@SLTests run: 2, Failures: 0, Errors: 2, Skipped: 0, Time elapsed: 3.816 sec &lt;&lt;&lt; FAILURE!
@SLRunning com.yaojinwei.study.dubbo.UserInterfaceTest
[DEBUG] [2016-09-01 17:36:38 830] [main] (SpringJUnit4ClassRunner.java:113) SpringJUnit4ClassRunner constructor called with [class com.yaojinwei.study.dubbo.UserInterfaceTest].
[DEBUG] [2016-09-01 17:36:38 830] [main] (BootstrapUtils.java:78) Instantiating TestContextBootstrapper from class [org.springframework.test.context.support.DefaultTestContextBootstrapper]
[DEBUG] [2016-09-01 17:36:38 832] [main] (AbstractDelegatingSmartContextLoader.java:97) Delegating to GenericXmlContextLoader to process context configuration [ContextConfigurationAttributes@434ce06a declaringClass = &apos;com.yaojinwei.study.dubbo.UserInterfaceTest&apos;, classes = &apos;{}&apos;, locations = &apos;{classpath*:root-context.xml}&apos;, inheritLocations = true, initializers = &apos;{}&apos;, inheritInitializers = true, name = [null], contextLoaderClass = &apos;org.springframework.test.context.ContextLoader&apos;].
[DEBUG] [2016-09-01 17:36:38 832] [main] (ActiveProfilesUtils.java:83) Could not find an &apos;annotation declaring class&apos; for annotation type [org.springframework.test.context.ActiveProfiles] and class [com.yaojinwei.study.dubbo.UserInterfaceTest]
[DEBUG] [2016-09-01 17:36:38 833] [main] (AbstractTestContextBootstrapper.java:113) @TestExecutionListeners is not present for class [com.yaojinwei.study.dubbo.UserInterfaceTest]: using defaults.
[ INFO] [2016-09-01 17:36:38 834] [main] (AbstractTestContextBootstrapper.java:256) Loaded default TestExecutionListener class names from location [META-INF/spring.factories]: [org.springframework.test.context.web.ServletTestExecutionListener, org.springframework.test.context.support.DependencyInjectionTestExecutionListener, org.springframework.test.context.support.DirtiesContextTestExecutionListener, org.springframework.test.context.transaction.TransactionalTestExecutionListener, org.springframework.test.context.jdbc.SqlScriptsTestExecutionListener]
[ INFO] [2016-09-01 17:36:38 835] [main] (AbstractTestContextBootstrapper.java:204) Could not instantiate TestExecutionListener [org.springframework.test.context.transaction.TransactionalTestExecutionListener]. Specify custom listener classes or make the default listener classes (and their required dependencies) available. Offending class: [org/springframework/transaction/interceptor/TransactionAttributeSource]
[ INFO] [2016-09-01 17:36:38 836] [main] (AbstractTestContextBootstrapper.java:204) Could not instantiate TestExecutionListener [org.springframework.test.context.web.ServletTestExecutionListener]. Specify custom listener classes or make the default listener classes (and their required dependencies) available. Offending class: [javax/servlet/ServletContext]
[ INFO] [2016-09-01 17:36:38 838] [main] (AbstractTestContextBootstrapper.java:204) Could not instantiate TestExecutionListener [org.springframework.test.context.jdbc.SqlScriptsTestExecutionListener]. Specify custom listener classes or make the default listener classes (and their required dependencies) available. Offending class: [org/springframework/transaction/interceptor/TransactionAttribute]
[ INFO] [2016-09-01 17:36:38 838] [main] (AbstractTestContextBootstrapper.java:182) Using TestExecutionListeners: [org.springframework.test.context.support.DependencyInjectionTestExecutionListener@4e46f11, org.springframework.test.context.support.DirtiesContextTestExecutionListener@3137c799]
[DEBUG] [2016-09-01 17:36:38 839] [main] (ProfileValueUtils.java:71) Retrieved @ProfileValueSourceConfiguration [null] for test class [com.yaojinwei.study.dubbo.UserInterfaceTest]
[DEBUG] [2016-09-01 17:36:38 839] [main] (ProfileValueUtils.java:83) Retrieved ProfileValueSource type [class org.springframework.test.annotation.SystemProfileValueSource] for class [com.yaojinwei.study.dubbo.UserInterfaceTest]
[DEBUG] [2016-09-01 17:36:38 840] [main] (ProfileValueUtils.java:71) Retrieved @ProfileValueSourceConfiguration [null] for test class [com.yaojinwei.study.dubbo.UserInterfaceTest]
[DEBUG] [2016-09-01 17:36:38 840] [main] (ProfileValueUtils.java:83) Retrieved ProfileValueSource type [class org.springframework.test.annotation.SystemProfileValueSource] for class [com.yaojinwei.study.dubbo.UserInterfaceTest]
[DEBUG] [2016-09-01 17:36:38 841] [main] (ProfileValueUtils.java:71) Retrieved @ProfileValueSourceConfiguration [null] for test class [com.yaojinwei.study.dubbo.UserInterfaceTest]
[DEBUG] [2016-09-01 17:36:38 841] [main] (ProfileValueUtils.java:83) Retrieved ProfileValueSource type [class org.springframework.test.annotation.SystemProfileValueSource] for class [com.yaojinwei.study.dubbo.UserInterfaceTest]
[DEBUG] [2016-09-01 17:36:38 842] [main] (DependencyInjectionTestExecutionListener.java:81) Performing dependency injection for test context [[DefaultTestContext@5ea2f68b testClass = UserInterfaceTest, testInstance = com.yaojinwei.study.dubbo.UserInterfaceTest@1ce85037, testMethod = [null], testException = [null], mergedContextConfiguration = [MergedContextConfiguration@57ea59b4 testClass = UserInterfaceTest, locations = &apos;{classpath*:root-context.xml}&apos;, classes = &apos;{}&apos;, contextInitializerClasses = &apos;[]&apos;, activeProfiles = &apos;{}&apos;, propertySourceLocations = &apos;{}&apos;, propertySourceProperties = &apos;{}&apos;, contextLoader = &apos;org.springframework.test.context.support.DelegatingSmartContextLoader&apos;, parent = [null]]]].
[DEBUG] [2016-09-01 17:36:38 842] [main] (AbstractDelegatingSmartContextLoader.java:107) Delegating to GenericXmlContextLoader to load context from [MergedContextConfiguration@57ea59b4 testClass = UserInterfaceTest, locations = &apos;{classpath*:root-context.xml}&apos;, classes = &apos;{}&apos;, contextInitializerClasses = &apos;[]&apos;, activeProfiles = &apos;{}&apos;, propertySourceLocations = &apos;{}&apos;, propertySourceProperties = &apos;{}&apos;, contextLoader = &apos;org.springframework.test.context.support.DelegatingSmartContextLoader&apos;, parent = [null]].
[DEBUG] [2016-09-01 17:36:38 843] [main] (AbstractGenericContextLoader.java:107) Loading ApplicationContext for merged context configuration [[MergedContextConfiguration@57ea59b4 testClass = UserInterfaceTest, locations = &apos;{classpath*:root-context.xml}&apos;, classes = &apos;{}&apos;, contextInitializerClasses = &apos;[]&apos;, activeProfiles = &apos;{}&apos;, propertySourceLocations = &apos;{}&apos;, propertySourceProperties = &apos;{}&apos;, contextLoader = &apos;org.springframework.test.context.support.DelegatingSmartContextLoader&apos;, parent = [null]]].
[DEBUG] [2016-09-01 17:36:38 844] [main] (MutablePropertySources.java:109) Adding [systemProperties] PropertySource with lowest search precedence
[DEBUG] [2016-09-01 17:36:38 845] [main] (MutablePropertySources.java:109) Adding [systemEnvironment] PropertySource with lowest search precedence
[DEBUG] [2016-09-01 17:36:38 846] [main] (AbstractEnvironment.java:126) Initialized StandardEnvironment with PropertySources [systemProperties,systemEnvironment]
[ INFO] [2016-09-01 17:36:38 846] [main] (XmlBeanDefinitionReader.java:317) Loading XML bean definitions from URL [file:/E:/workspace/dubbo-study-consumer/target/classes/root-context.xml]
[DEBUG] [2016-09-01 17:36:38 848] [main] (DefaultDocumentLoader.java:73) Using JAXP provider [com.sun.org.apache.xerces.internal.jaxp.DocumentBuilderFactoryImpl]
[DEBUG] [2016-09-01 17:36:38 850] [main] (PluggableSchemaResolver.java:141) Loading schema mappings from [META-INF/spring.schemas]
[DEBUG] [2016-09-01 17:36:38 853] [main] (PluggableSchemaResolver.java:147) Loaded schema mappings: {http://www.springframework.org/schema/util/spring-util.xsd=org/springframework/beans/factory/xml/spring-util-4.1.xsd, http://www.springframework.org/schema/jee/spring-jee-3.2.xsd=org/springframework/ejb/config/spring-jee-3.2.xsd, http://www.springframework.org/schema/beans/spring-beans-4.1.xsd=org/springframework/beans/factory/xml/spring-beans-4.1.xsd, http://www.springframework.org/schema/beans/spring-beans-3.1.xsd=org/springframework/beans/factory/xml/spring-beans-3.1.xsd, http://www.springframework.org/schema/task/spring-task.xsd=org/springframework/scheduling/config/spring-task-4.1.xsd, http://www.springframework.org/schema/cache/spring-cache.xsd=org/springframework/cache/config/spring-cache-4.1.xsd, http://www.springframework.org/schema/aop/spring-aop-3.0.xsd=org/springframework/aop/config/spring-aop-3.0.xsd, http://www.springframework.org/schema/task/spring-task-3.1.xsd=org/springframework/scheduling/config/spring-task-3.1.xsd, http://www.springframework.org/schema/aop/spring-aop-2.0.xsd=org/springframework/aop/config/spring-aop-2.0.xsd, http://www.springframework.org/schema/aop/spring-aop-4.0.xsd=org/springframework/aop/config/spring-aop-4.0.xsd, http://www.springframework.org/schema/task/spring-task-4.1.xsd=org/springframework/scheduling/config/spring-task-4.1.xsd, http://www.springframework.org/schema/tool/spring-tool-2.5.xsd=org/springframework/beans/factory/xml/spring-tool-2.5.xsd, http://www.springframework.org/schema/beans/spring-beans.xsd=org/springframework/beans/factory/xml/spring-beans-4.1.xsd, http://www.springframework.org/schema/jee/spring-jee-2.5.xsd=org/springframework/ejb/config/spring-jee-2.5.xsd, http://www.springframework.org/schema/tool/spring-tool-3.1.xsd=org/springframework/beans/factory/xml/spring-tool-3.1.xsd, http://www.springframework.org/schema/tool/spring-tool-4.1.xsd=org/springframework/beans/factory/xml/spring-tool-4.1.xsd, http://www.springframework.org/schema/aop/spring-aop.xsd=org/springframework/aop/config/spring-aop-4.1.xsd, http://www.springframework.org/schema/jee/spring-jee-3.1.xsd=org/springframework/ejb/config/spring-jee-3.1.xsd, http://www.springframework.org/schema/context/spring-context-3.2.xsd=org/springframework/context/config/spring-context-3.2.xsd, http://www.springframework.org/schema/jee/spring-jee-4.1.xsd=org/springframework/ejb/config/spring-jee-4.1.xsd, http://www.springframework.org/schema/util/spring-util-3.2.xsd=org/springframework/beans/factory/xml/spring-util-3.2.xsd, http://www.springframework.org/schema/beans/spring-beans-2.0.xsd=org/springframework/beans/factory/xml/spring-beans-2.0.xsd, http://www.springframework.org/schema/beans/spring-beans-4.0.xsd=org/springframework/beans/factory/xml/spring-beans-4.0.xsd, http://www.springframework.org/schema/lang/spring-lang-3.2.xsd=org/springframework/scripting/config/spring-lang-3.2.xsd, http://www.springframework.org/schema/beans/spring-beans-3.0.xsd=org/springframework/beans/factory/xml/spring-beans-3.0.xsd, http://www.springframework.org/schema/cache/spring-cache-3.2.xsd=org/springframework/cache/config/spring-cache-3.2.xsd, http://www.springframework.org/schema/task/spring-task-3.0.xsd=org/springframework/scheduling/config/spring-task-3.0.xsd, http://www.springframework.org/schema/task/spring-task-4.0.xsd=org/springframework/scheduling/config/spring-task-4.0.xsd, http://www.springframework.org/schema/context/spring-context-2.5.xsd=org/springframework/context/config/spring-context-2.5.xsd, http://www.springframework.org/schema/tool/spring-tool-3.0.xsd=org/springframework/beans/factory/xml/spring-tool-3.0.xsd, http://www.springframework.org/schema/util/spring-util-2.5.xsd=org/springframework/beans/factory/xml/spring-util-2.5.xsd, http://www.springframework.org/schema/tool/spring-tool-2.0.xsd=org/springframework/beans/factory/xml/spring-tool-2.0.xsd, http://www.springframework.org/schema/lang/spring-lang.xsd=org/springframework/scripting/config/spring-lang-4.1.xsd, http://www.springframework.org/schema/tool/spring-tool-4.0.xsd=org/springframework/beans/factory/xml/spring-tool-4.0.xsd, http://www.springframework.org/schema/lang/spring-lang-2.5.xsd=org/springframework/scripting/config/spring-lang-2.5.xsd, http://www.springframework.org/schema/aop/spring-aop-3.2.xsd=org/springframework/aop/config/spring-aop-3.2.xsd, http://www.springframework.org/schema/context/spring-context-4.1.xsd=org/springframework/context/config/spring-context-4.1.xsd, http://www.springframework.org/schema/jee/spring-jee-3.0.xsd=org/springframework/ejb/config/spring-jee-3.0.xsd, http://www.springframework.org/schema/jee/spring-jee-2.0.xsd=org/springframework/ejb/config/spring-jee-2.0.xsd, http://www.springframework.org/schema/context/spring-context-3.1.xsd=org/springframework/context/config/spring-context-3.1.xsd, http://www.springframework.org/schema/jee/spring-jee-4.0.xsd=org/springframework/ejb/config/spring-jee-4.0.xsd, http://www.springframework.org/schema/util/spring-util-3.1.xsd=org/springframework/beans/factory/xml/spring-util-3.1.xsd, http://www.springframework.org/schema/lang/spring-lang-3.1.xsd=org/springframework/scripting/config/spring-lang-3.1.xsd, http://www.springframework.org/schema/util/spring-util-4.1.xsd=org/springframework/beans/factory/xml/spring-util-4.1.xsd, http://www.springframework.org/schema/cache/spring-cache-4.1.xsd=org/springframework/cache/config/spring-cache-4.1.xsd, http://www.springframework.org/schema/lang/spring-lang-4.1.xsd=org/springframework/scripting/config/spring-lang-4.1.xsd, http://www.springframework.org/schema/cache/spring-cache-3.1.xsd=org/springframework/cache/config/spring-cache-3.1.xsd, http://www.springframework.org/schema/context/spring-context.xsd=org/springframework/context/config/spring-context-4.1.xsd, http://www.springframework.org/schema/jee/spring-jee.xsd=org/springframework/ejb/config/spring-jee-4.1.xsd, http://www.springframework.org/schema/aop/spring-aop-2.5.xsd=org/springframework/aop/config/spring-aop-2.5.xsd, http://www.springframework.org/schema/beans/spring-beans-3.2.xsd=org/springframework/beans/factory/xml/spring-beans-3.2.xsd, http://www.springframework.org/schema/aop/spring-aop-3.1.xsd=org/springframework/aop/config/spring-aop-3.1.xsd, http://www.springframework.org/schema/task/spring-task-3.2.xsd=org/springframework/scheduling/config/spring-task-3.2.xsd, http://www.springframework.org/schema/context/spring-context-4.0.xsd=org/springframework/context/config/spring-context-4.0.xsd, http://www.springframework.org/schema/aop/spring-aop-4.1.xsd=org/springframework/aop/config/spring-aop-4.1.xsd, http://www.springframework.org/schema/context/spring-context-3.0.xsd=org/springframework/context/config/spring-context-3.0.xsd, http://www.springframework.org/schema/tool/spring-tool.xsd=org/springframework/beans/factory/xml/spring-tool-4.1.xsd, http://www.springframework.org/schema/util/spring-util-3.0.xsd=org/springframework/beans/factory/xml/spring-util-3.0.xsd, http://www.springframework.org/schema/util/spring-util-2.0.xsd=org/springframework/beans/factory/xml/spring-util-2.0.xsd, http://www.springframework.org/schema/lang/spring-lang-3.0.xsd=org/springframework/scripting/config/spring-lang-3.0.xsd, http://www.springframework.org/schema/util/spring-util-4.0.xsd=org/springframework/beans/factory/xml/spring-util-4.0.xsd, http://www.springframework.org/schema/lang/spring-lang-2.0.xsd=org/springframework/scripting/config/spring-lang-2.0.xsd, http://www.springframework.org/schema/cache/spring-cache-4.0.xsd=org/springframework/cache/config/spring-cache-4.0.xsd, http://www.springframework.org/schema/lang/spring-lang-4.0.xsd=org/springframework/scripting/config/spring-lang-4.0.xsd, http://www.springframework.org/schema/tool/spring-tool-3.2.xsd=org/springframework/beans/factory/xml/spring-tool-3.2.xsd, http://www.springframework.org/schema/beans/spring-beans-2.5.xsd=org/springframework/beans/factory/xml/spring-beans-2.5.xsd}
[DEBUG] [2016-09-01 17:36:38 855] [main] (PluggableSchemaResolver.java:119) Found XML schema [http://www.springframework.org/schema/beans/spring-beans-3.1.xsd] in classpath: org/springframework/beans/factory/xml/spring-beans-3.1.xsd
[DEBUG] [2016-09-01 17:36:38 880] [main] (PluggableSchemaResolver.java:119) Found XML schema [http://www.springframework.org/schema/context/spring-context.xsd] in classpath: org/springframework/context/config/spring-context-4.1.xsd
[DEBUG] [2016-09-01 17:36:38 899] [main] (PluggableSchemaResolver.java:119) Found XML schema [http://www.springframework.org/schema/tool/spring-tool-4.1.xsd] in classpath: org/springframework/beans/factory/xml/spring-tool-4.1.xsd
[DEBUG] [2016-09-01 17:36:38 909] [main] (PluggableSchemaResolver.java:119) Found XML schema [http://www.springframework.org/schema/aop/spring-aop.xsd] in classpath: org/springframework/aop/config/spring-aop-4.1.xsd
[DEBUG] [2016-09-01 17:36:38 936] [main] (DefaultBeanDefinitionDocumentReader.java:98) Loading bean definitions
[DEBUG] [2016-09-01 17:36:38 939] [main] (DefaultNamespaceHandlerResolver.java:157) Loaded NamespaceHandler mappings: {http://www.springframework.org/schema/p=org.springframework.beans.factory.xml.SimplePropertyNamespaceHandler, http://www.springframework.org/schema/util=org.springframework.beans.factory.xml.UtilNamespaceHandler, http://www.springframework.org/schema/jee=org.springframework.ejb.config.JeeNamespaceHandler, http://www.springframework.org/schema/aop=org.springframework.aop.config.AopNamespaceHandler, http://www.springframework.org/schema/cache=org.springframework.cache.config.CacheNamespaceHandler, http://www.springframework.org/schema/c=org.springframework.beans.factory.xml.SimpleConstructorNamespaceHandler, http://www.springframework.org/schema/task=org.springframework.scheduling.config.TaskNamespaceHandler, http://www.springframework.org/schema/lang=org.springframework.scripting.config.LangNamespaceHandler, http://www.springframework.org/schema/context=org.springframework.context.config.ContextNamespaceHandler}
[DEBUG] [2016-09-01 17:36:38 944] [main] (PathMatchingResourcePatternResolver.java:622) Looking for matching resources in directory tree [E:\workspace\dubbo-study-consumer\target\test-classes\com\yaojinwei]
[DEBUG] [2016-09-01 17:36:38 945] [main] (PathMatchingResourcePatternResolver.java:684) Searching directory [E:\workspace\dubbo-study-consumer\target\test-classes\com\yaojinwei] for files matching pattern [E:/workspace/dubbo-study-consumer/target/test-classes/com/yaojinwei/**/*.class]
[DEBUG] [2016-09-01 17:36:38 947] [main] (PathMatchingResourcePatternResolver.java:684) Searching directory [E:\workspace\dubbo-study-consumer\target\test-classes\com\yaojinwei\study] for files matching pattern [E:/workspace/dubbo-study-consumer/target/test-classes/com/yaojinwei/**/*.class]
[DEBUG] [2016-09-01 17:36:38 949] [main] (PathMatchingResourcePatternResolver.java:684) Searching directory [E:\workspace\dubbo-study-consumer\target\test-classes\com\yaojinwei\study\dubbo] for files matching pattern [E:/workspace/dubbo-study-consumer/target/test-classes/com/yaojinwei/**/*.class]
[DEBUG] [2016-09-01 17:36:38 951] [main] (PathMatchingResourcePatternResolver.java:622) Looking for matching resources in directory tree [E:\workspace\dubbo-study-consumer\target\classes\com\yaojinwei]
[DEBUG] [2016-09-01 17:36:38 952] [main] (PathMatchingResourcePatternResolver.java:684) Searching directory [E:\workspace\dubbo-study-consumer\target\classes\com\yaojinwei] for files matching pattern [E:/workspace/dubbo-study-consumer/target/classes/com/yaojinwei/**/*.class]
[DEBUG] [2016-09-01 17:36:38 954] [main] (PathMatchingResourcePatternResolver.java:684) Searching directory [E:\workspace\dubbo-study-consumer\target\classes\com\yaojinwei\study] for files matching pattern [E:/workspace/dubbo-study-consumer/target/classes/com/yaojinwei/**/*.class]
[DEBUG] [2016-09-01 17:36:38 955] [main] (PathMatchingResourcePatternResolver.java:684) Searching directory [E:\workspace\dubbo-study-consumer\target\classes\com\yaojinwei\study\dubbo] for files matching pattern [E:/workspace/dubbo-study-consumer/target/classes/com/yaojinwei/**/*.class]
[DEBUG] [2016-09-01 17:36:38 957] [main] (PathMatchingResourcePatternResolver.java:536) Looking for matching resources in jar file [file:/C:/Users/yaojinwei/.m2/repository/com/yaojinwei/study/dubbo-study-interface/0.0.3-SNAPSHOT/dubbo-study-interface-0.0.3-SNAPSHOT.jar]
[DEBUG] [2016-09-01 17:36:38 959] [main] (PathMatchingResourcePatternResolver.java:423) Resolved location pattern [classpath*:com/yaojinwei/**/*.class] to resources [file [E:\workspace\dubbo-study-consumer\target\test-classes\com\yaojinwei\study\dubbo\BaseTest.class], file [E:\workspace\dubbo-study-consumer\target\test-classes\com\yaojinwei\study\dubbo\UserInterfaceTest.class], file [E:\workspace\dubbo-study-consumer\target\classes\com\yaojinwei\study\dubbo\App.class], URL [jar:file:/C:/Users/yaojinwei/.m2/repository/com/yaojinwei/study/dubbo-study-interface/0.0.3-SNAPSHOT/dubbo-study-interface-0.0.3-SNAPSHOT.jar!/com/yaojinwei/study/dubbo/App.class], URL [jar:file:/C:/Users/yaojinwei/.m2/repository/com/yaojinwei/study/dubbo-study-interface/0.0.3-SNAPSHOT/dubbo-study-interface-0.0.3-SNAPSHOT.jar!/com/yaojinwei/study/dubbo/dto/Code.class], URL [jar:file:/C:/Users/yaojinwei/.m2/repository/com/yaojinwei/study/dubbo-study-interface/0.0.3-SNAPSHOT/dubbo-study-interface-0.0.3-SNAPSHOT.jar!/com/yaojinwei/study/dubbo/dto/ListenerDTO.class], URL [jar:file:/C:/Users/yaojinwei/.m2/repository/com/yaojinwei/study/dubbo-study-interface/0.0.3-SNAPSHOT/dubbo-study-interface-0.0.3-SNAPSHOT.jar!/com/yaojinwei/study/dubbo/dto/Message.class], URL [jar:file:/C:/Users/yaojinwei/.m2/repository/com/yaojinwei/study/dubbo-study-interface/0.0.3-SNAPSHOT/dubbo-study-interface-0.0.3-SNAPSHOT.jar!/com/yaojinwei/study/dubbo/dto/Result.class], URL [jar:file:/C:/Users/yaojinwei/.m2/repository/com/yaojinwei/study/dubbo-study-interface/0.0.3-SNAPSHOT/dubbo-study-interface-0.0.3-SNAPSHOT.jar!/com/yaojinwei/study/dubbo/dto/SpeakerDTO.class], URL [jar:file:/C:/Users/yaojinwei/.m2/repository/com/yaojinwei/study/dubbo-study-interface/0.0.3-SNAPSHOT/dubbo-study-interface-0.0.3-SNAPSHOT.jar!/com/yaojinwei/study/dubbo/interfaces/SpeakInterface.class], URL [jar:file:/C:/Users/yaojinwei/.m2/repository/com/yaojinwei/study/dubbo-study-interface/0.0.3-SNAPSHOT/dubbo-study-interface-0.0.3-SNAPSHOT.jar!/com/yaojinwei/study/dubbo/Messages.class]]
[ INFO] [2016-09-01 17:36:38 976] [main] (XmlBeanDefinitionReader.java:317) Loading XML bean definitions from URL [file:/E:/workspace/dubbo-study-consumer/target/classes/spring-dubbo-consumer.xml]
[DEBUG] [2016-09-01 17:36:38 985] [main] (DefaultDocumentLoader.java:73) Using JAXP provider [com.sun.org.apache.xerces.internal.jaxp.DocumentBuilderFactoryImpl]
[DEBUG] [2016-09-01 17:36:38 989] [main] (PluggableSchemaResolver.java:119) Found XML schema [http://www.springframework.org/schema/beans/spring-beans-3.1.xsd] in classpath: org/springframework/beans/factory/xml/spring-beans-3.1.xsd
[ WARN] [2016-09-01 17:36:40 123] [main] (SimpleSaxErrorHandler.java:48) Ignored XML validation warning
org.xml.sax.SAXParseException; lineNumber: 12; columnNumber: 86; schema_reference.4: 无法读取方案文档 &apos;http://code.alibabatech.com/schema/dubbo/dubbo.xsd&apos;, 原因为 1) 无法找到文档; 2) 无法读取文档; 3) 文档的根元素不是 &lt;xsd:schema&gt;。
	at com.sun.org.apache.xerces.internal.util.ErrorHandlerWrapper.createSAXParseException(ErrorHandlerWrapper.java:198)
	at com.sun.org.apache.xerces.internal.util.ErrorHandlerWrapper.warning(ErrorHandlerWrapper.java:99)
	at com.sun.org.apache.xerces.internal.impl.XMLErrorReporter.reportError(XMLErrorReporter.java:433)
	at com.sun.org.apache.xerces.internal.impl.XMLErrorReporter.reportError(XMLErrorReporter.java:347)
	at com.sun.org.apache.xerces.internal.impl.xs.traversers.XSDHandler.reportSchemaErr(XSDHandler.java:4166)
	at com.sun.org.apache.xerces.internal.impl.xs.traversers.XSDHandler.reportSchemaWarning(XSDHandler.java:4157)
	at com.sun.org.apache.xerces.internal.impl.xs.traversers.XSDHandler.getSchemaDocument1(XSDHandler.java:2490)
	at com.sun.org.apache.xerces.internal.impl.xs.traversers.XSDHandler.getSchemaDocument(XSDHandler.java:2187)
	at com.sun.org.apache.xerces.internal.impl.xs.traversers.XSDHandler.parseSchema(XSDHandler.java:573)
	at com.sun.org.apache.xerces.internal.impl.xs.XMLSchemaLoader.loadSchema(XMLSchemaLoader.java:617)
	at com.sun.org.apache.xerces.internal.impl.xs.XMLSchemaValidator.findSchemaGrammar(XMLSchemaValidator.java:2453)
	at com.sun.org.apache.xerces.internal.impl.xs.XMLSchemaValidator.handleStartElement(XMLSchemaValidator.java:1772)
	at com.sun.org.apache.xerces.internal.impl.xs.XMLSchemaValidator.emptyElement(XMLSchemaValidator.java:766)
	at com.sun.org.apache.xerces.internal.impl.XMLNSDocumentScannerImpl.scanStartElement(XMLNSDocumentScannerImpl.java:356)
	at com.sun.org.apache.xerces.internal.impl.XMLDocumentFragmentScannerImpl$FragmentContentDriver.next(XMLDocumentFragmentScannerImpl.java:2786)
	at com.sun.org.apache.xerces.internal.impl.XMLDocumentScannerImpl.next(XMLDocumentScannerImpl.java:606)
	at com.sun.org.apache.xerces.internal.impl.XMLNSDocumentScannerImpl.next(XMLNSDocumentScannerImpl.java:117)
	at com.sun.org.apache.xerces.internal.impl.XMLDocumentFragmentScannerImpl.scanDocument(XMLDocumentFragmentScannerImpl.java:510)
	at com.sun.org.apache.xerces.internal.parsers.XML11Configuration.parse(XML11Configuration.java:848)
	at com.sun.org.apache.xerces.internal.parsers.XML11Configuration.parse(XML11Configuration.java:777)
	at com.sun.org.apache.xerces.internal.parsers.XMLParser.parse(XMLParser.java:141)
	at com.sun.org.apache.xerces.internal.parsers.DOMParser.parse(DOMParser.java:243)
	at com.sun.org.apache.xerces.internal.jaxp.DocumentBuilderImpl.parse(DocumentBuilderImpl.java:347)
	at org.springframework.beans.factory.xml.DefaultDocumentLoader.loadDocument(DefaultDocumentLoader.java:76)
	at org.springframework.beans.factory.xml.XmlBeanDefinitionReader.doLoadDocument(XmlBeanDefinitionReader.java:429)
	at org.springframework.beans.factory.xml.XmlBeanDefinitionReader.doLoadBeanDefinitions(XmlBeanDefinitionReader.java:391)
	at org.springframework.beans.factory.xml.XmlBeanDefinitionReader.loadBeanDefinitions(XmlBeanDefinitionReader.java:336)
	at org.springframework.beans.factory.xml.XmlBeanDefinitionReader.loadBeanDefinitions(XmlBeanDefinitionReader.java:304)
	at org.springframework.beans.factory.xml.DefaultBeanDefinitionDocumentReader.importBeanDefinitionResource(DefaultBeanDefinitionDocumentReader.java:245)
	at org.springframework.beans.factory.xml.DefaultBeanDefinitionDocumentReader.parseDefaultElement(DefaultBeanDefinitionDocumentReader.java:186)
	at org.springframework.beans.factory.xml.DefaultBeanDefinitionDocumentReader.parseBeanDefinitions(DefaultBeanDefinitionDocumentReader.java:171)
	at org.springframework.beans.factory.xml.DefaultBeanDefinitionDocumentReader.doRegisterBeanDefinitions(DefaultBeanDefinitionDocumentReader.java:144)
	at org.springframework.beans.factory.xml.DefaultBeanDefinitionDocumentReader.registerBeanDefinitions(DefaultBeanDefinitionDocumentReader.java:100)
	at org.springframework.beans.factory.xml.XmlBeanDefinitionReader.registerBeanDefinitions(XmlBeanDefinitionReader.java:510)
	at org.springframework.beans.factory.xml.XmlBeanDefinitionReader.doLoadBeanDefinitions(XmlBeanDefinitionReader.java:392)
	at org.springframework.beans.factory.xml.XmlBeanDefinitionReader.loadBeanDefinitions(XmlBeanDefinitionReader.java:336)
	at org.springframework.beans.factory.xml.XmlBeanDefinitionReader.loadBeanDefinitions(XmlBeanDefinitionReader.java:304)
	at org.springframework.beans.factory.support.AbstractBeanDefinitionReader.loadBeanDefinitions(AbstractBeanDefinitionReader.java:180)
	at org.springframework.beans.factory.support.AbstractBeanDefinitionReader.loadBeanDefinitions(AbstractBeanDefinitionReader.java:216)
	at org.springframework.beans.factory.support.AbstractBeanDefinitionReader.loadBeanDefinitions(AbstractBeanDefinitionReader.java:187)
	at org.springframework.beans.factory.support.AbstractBeanDefinitionReader.loadBeanDefinitions(AbstractBeanDefinitionReader.java:251)
	at org.springframework.test.context.support.AbstractGenericContextLoader.loadBeanDefinitions(AbstractGenericContextLoader.java:253)
	at org.springframework.test.context.support.AbstractGenericContextLoader.loadContext(AbstractGenericContextLoader.java:122)
	at org.springframework.test.context.support.AbstractGenericContextLoader.loadContext(AbstractGenericContextLoader.java:60)
	at org.springframework.test.context.support.AbstractDelegatingSmartContextLoader.delegateLoading(AbstractDelegatingSmartContextLoader.java:109)
	at org.springframework.test.context.support.AbstractDelegatingSmartContextLoader.loadContext(AbstractDelegatingSmartContextLoader.java:261)
	at org.springframework.test.context.DefaultCacheAwareContextLoaderDelegate.loadContextInternal(DefaultCacheAwareContextLoaderDelegate.java:68)
	at org.springframework.test.context.DefaultCacheAwareContextLoaderDelegate.loadContext(DefaultCacheAwareContextLoaderDelegate.java:86)
	at org.springframework.test.context.DefaultTestContext.getApplicationContext(DefaultTestContext.java:72)
	at org.springframework.test.context.support.DependencyInjectionTestExecutionListener.injectDependencies(DependencyInjectionTestExecutionListener.java:117)
	at org.springframework.test.context.support.DependencyInjectionTestExecutionListener.prepareTestInstance(DependencyInjectionTestExecutionListener.java:83)
	at org.springframework.test.context.TestContextManager.prepareTestInstance(TestContextManager.java:212)
	at org.springframework.test.context.junit4.SpringJUnit4ClassRunner.createTest(SpringJUnit4ClassRunner.java:200)
	at org.springframework.test.context.junit4.SpringJUnit4ClassRunner$1.runReflectiveCall(SpringJUnit4ClassRunner.java:259)
	at org.junit.internal.runners.model.ReflectiveCallable.run(ReflectiveCallable.java:12)
	at org.springframework.test.context.junit4.SpringJUnit4ClassRunner.methodBlock(SpringJUnit4ClassRunner.java:261)
	at org.springframework.test.context.junit4.SpringJUnit4ClassRunner.runChild(SpringJUnit4ClassRunner.java:219)
	at org.springframework.test.context.junit4.SpringJUnit4ClassRunner.runChild(SpringJUnit4ClassRunner.java:83)
	at org.junit.runners.ParentRunner$3.run(ParentRunner.java:290)
	at org.junit.runners.ParentRunner$1.schedule(ParentRunner.java:71)
	at org.junit.runners.ParentRunner.runChildren(ParentRunner.java:288)
	at org.junit.runners.ParentRunner.access$000(ParentRunner.java:58)
	at org.junit.runners.ParentRunner$2.evaluate(ParentRunner.java:268)
	at org.springframework.test.context.junit4.statements.RunBeforeTestClassCallbacks.evaluate(RunBeforeTestClassCallbacks.java:61)
	at org.springframework.test.context.junit4.statements.RunAfterTestClassCallbacks.evaluate(RunAfterTestClassCallbacks.java:68)
	at org.junit.runners.ParentRunner.run(ParentRunner.java:363)
	at org.springframework.test.context.junit4.SpringJUnit4ClassRunner.run(SpringJUnit4ClassRunner.java:163)
	at org.apache.maven.surefire.junit4.JUnit4TestSet.execute(JUnit4TestSet.java:35)
	at org.apache.maven.surefire.junit4.JUnit4Provider.executeTestSet(JUnit4Provider.java:115)
	at org.apache.maven.surefire.junit4.JUnit4Provider.invoke(JUnit4Provider.java:97)
	at sun.reflect.NativeMethodAccessorImpl.invoke0(Native Method)
	at sun.reflect.NativeMethodAccessorImpl.invoke(NativeMethodAccessorImpl.java:57)
	at sun.reflect.DelegatingMethodAccessorImpl.invoke(DelegatingMethodAccessorImpl.java:43)
	at java.lang.reflect.Method.invoke(Method.java:606)
	at org.apache.maven.surefire.booter.ProviderFactory$ClassLoaderProxy.invoke(ProviderFactory.java:103)
	at com.sun.proxy.$Proxy0.invoke(Unknown Source)
	at org.apache.maven.surefire.booter.SurefireStarter.invokeProvider(SurefireStarter.java:150)
	at org.apache.maven.surefire.booter.SurefireStarter.runSuitesInProcess(SurefireStarter.java:91)
	at org.apache.maven.surefire.booter.ForkedBooter.main(ForkedBooter.java:69)
Caused by: java.net.ConnectException: Connection refused: connect
	at java.net.DualStackPlainSocketImpl.connect0(Native Method)
	at java.net.DualStackPlainSocketImpl.socketConnect(DualStackPlainSocketImpl.java:79)
	at java.net.AbstractPlainSocketImpl.doConnect(AbstractPlainSocketImpl.java:339)
	at java.net.AbstractPlainSocketImpl.connectToAddress(AbstractPlainSocketImpl.java:200)
	at java.net.AbstractPlainSocketImpl.connect(AbstractPlainSocketImpl.java:182)
	at java.net.PlainSocketImpl.connect(PlainSocketImpl.java:172)
	at java.net.SocksSocketImpl.connect(SocksSocketImpl.java:392)
	at java.net.Socket.connect(Socket.java:579)
	at java.net.Socket.connect(Socket.java:528)
	at sun.net.NetworkClient.doConnect(NetworkClient.java:180)
	at sun.net.www.http.HttpClient.openServer(HttpClient.java:432)
	at sun.net.www.http.HttpClient.openServer(HttpClient.java:527)
	at sun.net.www.http.HttpClient.&lt;init&gt;(HttpClient.java:211)
	at sun.net.www.http.HttpClient.New(HttpClient.java:308)
	at sun.net.www.http.HttpClient.New(HttpClient.java:326)
	at sun.net.www.protocol.http.HttpURLConnection.getNewHttpClient(HttpURLConnection.java:997)
	at sun.net.www.protocol.http.HttpURLConnection.plainConnect(HttpURLConnection.java:933)
	at sun.net.www.protocol.http.HttpURLConnection.connect(HttpURLConnection.java:851)
	at sun.net.www.protocol.http.HttpURLConnection.getInputStream(HttpURLConnection.java:1301)
	at com.sun.org.apache.xerces.internal.impl.XMLEntityManager.setupCurrentEntity(XMLEntityManager.java:643)
	at com.sun.org.apache.xerces.internal.impl.XMLVersionDetector.determineDocVersion(XMLVersionDetector.java:189)
	at com.sun.org.apache.xerces.internal.impl.xs.opti.SchemaParsingConfig.parse(SchemaParsingConfig.java:582)
	at com.sun.org.apache.xerces.internal.impl.xs.opti.SchemaParsingConfig.parse(SchemaParsingConfig.java:685)
	at com.sun.org.apache.xerces.internal.impl.xs.opti.SchemaDOMParser.parse(SchemaDOMParser.java:530)
	at com.sun.org.apache.xerces.internal.impl.xs.traversers.XSDHandler.getSchemaDocument(XSDHandler.java:2175)
	... 71 more
[ERROR] [2016-09-01 17:36:40 135] [main] (TestContextManager.java:215) Caught exception while allowing TestExecutionListener [org.springframework.test.context.support.DependencyInjectionTestExecutionListener@4e46f11] to prepare test instance [com.yaojinwei.study.dubbo.UserInterfaceTest@1ce85037]
java.lang.IllegalStateException: Failed to load ApplicationContext
	at org.springframework.test.context.DefaultCacheAwareContextLoaderDelegate.loadContext(DefaultCacheAwareContextLoaderDelegate.java:94)
	at org.springframework.test.context.DefaultTestContext.getApplicationContext(DefaultTestContext.java:72)
	at org.springframework.test.context.support.DependencyInjectionTestExecutionListener.injectDependencies(DependencyInjectionTestExecutionListener.java:117)
	at org.springframework.test.context.support.DependencyInjectionTestExecutionListener.prepareTestInstance(DependencyInjectionTestExecutionListener.java:83)
	at org.springframework.test.context.TestContextManager.prepareTestInstance(TestContextManager.java:212)
	at org.springframework.test.context.junit4.SpringJUnit4ClassRunner.createTest(SpringJUnit4ClassRunner.java:200)
	at org.springframework.test.context.junit4.SpringJUnit4ClassRunner$1.runReflectiveCall(SpringJUnit4ClassRunner.java:259)
	at org.junit.internal.runners.model.ReflectiveCallable.run(ReflectiveCallable.java:12)
	at org.springframework.test.context.junit4.SpringJUnit4ClassRunner.methodBlock(SpringJUnit4ClassRunner.java:261)
	at org.springframework.test.context.junit4.SpringJUnit4ClassRunner.runChild(SpringJUnit4ClassRunner.java:219)
	at org.springframework.test.context.junit4.SpringJUnit4ClassRunner.runChild(SpringJUnit4ClassRunner.java:83)
	at org.junit.runners.ParentRunner$3.run(ParentRunner.java:290)
	at org.junit.runners.ParentRunner$1.schedule(ParentRunner.java:71)
	at org.junit.runners.ParentRunner.runChildren(ParentRunner.java:288)
	at org.junit.runners.ParentRunner.access$000(ParentRunner.java:58)
	at org.junit.runners.ParentRunner$2.evaluate(ParentRunner.java:268)
	at org.springframework.test.context.junit4.statements.RunBeforeTestClassCallbacks.evaluate(RunBeforeTestClassCallbacks.java:61)
	at org.springframework.test.context.junit4.statements.RunAfterTestClassCallbacks.evaluate(RunAfterTestClassCallbacks.java:68)
	at org.junit.runners.ParentRunner.run(ParentRunner.java:363)
	at org.springframework.test.context.junit4.SpringJUnit4ClassRunner.run(SpringJUnit4ClassRunner.java:163)
	at org.apache.maven.surefire.junit4.JUnit4TestSet.execute(JUnit4TestSet.java:35)
	at org.apache.maven.surefire.junit4.JUnit4Provider.executeTestSet(JUnit4Provider.java:115)
	at org.apache.maven.surefire.junit4.JUnit4Provider.invoke(JUnit4Provider.java:97)
	at sun.reflect.NativeMethodAccessorImpl.invoke0(Native Method)
	at sun.reflect.NativeMethodAccessorImpl.invoke(NativeMethodAccessorImpl.java:57)
	at sun.reflect.DelegatingMethodAccessorImpl.invoke(DelegatingMethodAccessorImpl.java:43)
	at java.lang.reflect.Method.invoke(Method.java:606)
	at org.apache.maven.surefire.booter.ProviderFactory$ClassLoaderProxy.invoke(ProviderFactory.java:103)
	at com.sun.proxy.$Proxy0.invoke(Unknown Source)
	at org.apache.maven.surefire.booter.SurefireStarter.invokeProvider(SurefireStarter.java:150)
	at org.apache.maven.surefire.booter.SurefireStarter.runSuitesInProcess(SurefireStarter.java:91)
	at org.apache.maven.surefire.booter.ForkedBooter.main(ForkedBooter.java:69)
Caused by: org.springframework.beans.factory.parsing.BeanDefinitionParsingException: Configuration problem: Failed to import bean definitions from relative location [spring-dubbo-consumer.xml]
Offending resource: URL [file:/E:/workspace/dubbo-study-consumer/target/classes/root-context.xml]; nested exception is org.springframework.beans.factory.xml.XmlBeanDefinitionStoreException: Line 12 in XML document from URL [file:/E:/workspace/dubbo-study-consumer/target/classes/spring-dubbo-consumer.xml] is invalid; nested exception is org.xml.sax.SAXParseException; lineNumber: 12; columnNumber: 86; cvc-complex-type.2.4.c: 通配符的匹配很全面, 但无法找到元素 &apos;dubbo:application&apos; 的声明。
	at org.springframework.beans.factory.parsing.FailFastProblemReporter.error(FailFastProblemReporter.java:70)
	at org.springframework.beans.factory.parsing.ReaderContext.error(ReaderContext.java:85)
	at org.springframework.beans.factory.parsing.ReaderContext.error(ReaderContext.java:76)
	at org.springframework.beans.factory.xml.DefaultBeanDefinitionDocumentReader.importBeanDefinitionResource(DefaultBeanDefinitionDocumentReader.java:261)
	at org.springframework.beans.factory.xml.DefaultBeanDefinitionDocumentReader.parseDefaultElement(DefaultBeanDefinitionDocumentReader.java:186)
	at org.springframework.beans.factory.xml.DefaultBeanDefinitionDocumentReader.parseBeanDefinitions(DefaultBeanDefinitionDocumentReader.java:171)
	at org.springframework.beans.factory.xml.DefaultBeanDefinitionDocumentReader.doRegisterBeanDefinitions(DefaultBeanDefinitionDocumentReader.java:144)
	at org.springframework.beans.factory.xml.DefaultBeanDefinitionDocumentReader.registerBeanDefinitions(DefaultBeanDefinitionDocumentReader.java:100)
	at org.springframework.beans.factory.xml.XmlBeanDefinitionReader.registerBeanDefinitions(XmlBeanDefinitionReader.java:510)
	at org.springframework.beans.factory.xml.XmlBeanDefinitionReader.doLoadBeanDefinitions(XmlBeanDefinitionReader.java:392)
	at org.springframework.beans.factory.xml.XmlBeanDefinitionReader.loadBeanDefinitions(XmlBeanDefinitionReader.java:336)
	at org.springframework.beans.factory.xml.XmlBeanDefinitionReader.loadBeanDefinitions(XmlBeanDefinitionReader.java:304)
	at org.springframework.beans.factory.support.AbstractBeanDefinitionReader.loadBeanDefinitions(AbstractBeanDefinitionReader.java:180)
	at org.springframework.beans.factory.support.AbstractBeanDefinitionReader.loadBeanDefinitions(AbstractBeanDefinitionReader.java:216)
	at org.springframework.beans.factory.support.AbstractBeanDefinitionReader.loadBeanDefinitions(AbstractBeanDefinitionReader.java:187)
	at org.springframework.beans.factory.support.AbstractBeanDefinitionReader.loadBeanDefinitions(AbstractBeanDefinitionReader.java:251)
	at org.springframework.test.context.support.AbstractGenericContextLoader.loadBeanDefinitions(AbstractGenericContextLoader.java:253)
	at org.springframework.test.context.support.AbstractGenericContextLoader.loadContext(AbstractGenericContextLoader.java:122)
	at org.springframework.test.context.support.AbstractGenericContextLoader.loadContext(AbstractGenericContextLoader.java:60)
	at org.springframework.test.context.support.AbstractDelegatingSmartContextLoader.delegateLoading(AbstractDelegatingSmartContextLoader.java:109)
	at org.springframework.test.context.support.AbstractDelegatingSmartContextLoader.loadContext(AbstractDelegatingSmartContextLoader.java:261)
	at org.springframework.test.context.DefaultCacheAwareContextLoaderDelegate.loadContextInternal(DefaultCacheAwareContextLoaderDelegate.java:68)
	at org.springframework.test.context.DefaultCacheAwareContextLoaderDelegate.loadContext(DefaultCacheAwareContextLoaderDelegate.java:86)
	... 31 more
Caused by: org.springframework.beans.factory.xml.XmlBeanDefinitionStoreException: Line 12 in XML document from URL [file:/E:/workspace/dubbo-study-consumer/target/classes/spring-dubbo-consumer.xml] is invalid; nested exception is org.xml.sax.SAXParseException; lineNumber: 12; columnNumber: 86; cvc-complex-type.2.4.c: 通配符的匹配很全面, 但无法找到元素 &apos;dubbo:application&apos; 的声明。
	at org.springframework.beans.factory.xml.XmlBeanDefinitionReader.doLoadBeanDefinitions(XmlBeanDefinitionReader.java:399)
	at org.springframework.beans.factory.xml.XmlBeanDefinitionReader.loadBeanDefinitions(XmlBeanDefinitionReader.java:336)
	at org.springframework.beans.factory.xml.XmlBeanDefinitionReader.loadBeanDefinitions(XmlBeanDefinitionReader.java:304)
	at org.springframework.beans.factory.xml.DefaultBeanDefinitionDocumentReader.importBeanDefinitionResource(DefaultBeanDefinitionDocumentReader.java:245)
	... 50 more
Caused by: org.xml.sax.SAXParseException; lineNumber: 12; columnNumber: 86; cvc-complex-type.2.4.c: 通配符的匹配很全面, 但无法找到元素 &apos;dubbo:application&apos; 的声明。
	at com.sun.org.apache.xerces.internal.util.ErrorHandlerWrapper.createSAXParseException(ErrorHandlerWrapper.java:198)
	at com.sun.org.apache.xerces.internal.util.ErrorHandlerWrapper.error(ErrorHandlerWrapper.java:134)
	at com.sun.org.apache.xerces.internal.impl.XMLErrorReporter.reportError(XMLErrorReporter.java:437)
	at com.sun.org.apache.xerces.internal.impl.XMLErrorReporter.reportError(XMLErrorReporter.java:368)
	at com.sun.org.apache.xerces.internal.impl.XMLErrorReporter.reportError(XMLErrorReporter.java:325)
	at com.sun.org.apache.xerces.internal.impl.xs.XMLSchemaValidator$XSIErrorReporter.reportError(XMLSchemaValidator.java:458)
	at com.sun.org.apache.xerces.internal.impl.xs.XMLSchemaValidator.reportSchemaError(XMLSchemaValidator.java:3237)
	at com.sun.org.apache.xerces.internal.impl.xs.XMLSchemaValidator.handleStartElement(XMLSchemaValidator.java:1917)
	at com.sun.org.apache.xerces.internal.impl.xs.XMLSchemaValidator.emptyElement(XMLSchemaValidator.java:766)
	at com.sun.org.apache.xerces.internal.impl.XMLNSDocumentScannerImpl.scanStartElement(XMLNSDocumentScannerImpl.java:356)
	at com.sun.org.apache.xerces.internal.impl.XMLDocumentFragmentScannerImpl$FragmentContentDriver.next(XMLDocumentFragmentScannerImpl.java:2786)
	at com.sun.org.apache.xerces.internal.impl.XMLDocumentScannerImpl.next(XMLDocumentScannerImpl.java:606)
	at com.sun.org.apache.xerces.internal.impl.XMLNSDocumentScannerImpl.next(XMLNSDocumentScannerImpl.java:117)
	at com.sun.org.apache.xerces.internal.impl.XMLDocumentFragmentScannerImpl.scanDocument(XMLDocumentFragmentScannerImpl.java:510)
	at com.sun.org.apache.xerces.internal.parsers.XML11Configuration.parse(XML11Configuration.java:848)
	at com.sun.org.apache.xerces.internal.parsers.XML11Configuration.parse(XML11Configuration.java:777)
	at com.sun.org.apache.xerces.internal.parsers.XMLParser.parse(XMLParser.java:141)
	at com.sun.org.apache.xerces.internal.parsers.DOMParser.parse(DOMParser.java:243)
	at com.sun.org.apache.xerces.internal.jaxp.DocumentBuilderImpl.parse(DocumentBuilderImpl.java:347)
	at org.springframework.beans.factory.xml.DefaultDocumentLoader.loadDocument(DefaultDocumentLoader.java:76)
	at org.springframework.beans.factory.xml.XmlBeanDefinitionReader.doLoadDocument(XmlBeanDefinitionReader.java:429)
	at org.springframework.beans.factory.xml.XmlBeanDefinitionReader.doLoadBeanDefinitions(XmlBeanDefinitionReader.java:391)
	... 53 more
</system-out>
  </testcase>
</testsuite>